{
  "uid" : "94f450c1871dbca3",
  "name" : "test_login_existing_user",
  "fullName" : "tests_ui.tests.test_login_page.TestLoginExistingUser#test_login_existing_user",
  "historyId" : "45fe1bec4d06361a86a2e8826ab10fa9",
  "time" : {
    "start" : 1580299619264,
    "stop" : 1580299636909,
    "duration" : 17645
  },
  "description" : "\n        Авторизация под существующим пользователем и\n        и проверка нахождения на главной странице ЛК\n        ",
  "descriptionHtml" : "<pre><code>    Авторизация под существующим пользователем и\n    и проверка нахождения на главной странице ЛК\n</code></pre>\n",
  "status" : "broken",
  "statusMessage" : "selenium.common.exceptions.ElementNotVisibleException: Message: Element {a.profile-link} was not visible after 6 seconds!",
  "statusTrace" : "self = <moesk.tests_ui.tests.test_login_page.TestLoginExistingUser testMethod=test_login_existing_user>\n\n    def test_login_existing_user(self):\n        \"\"\"\n        Авторизация под существующим пользователем и\n        и проверка нахождения на главной странице ЛК\n        \"\"\"\n        self.get(self.app_url)\n        self.login_user(self.user_data.user_login_fl,\n                        self.user_data.user_login_fl)  # Вводим логин и пароль\n>       self.should_be_main_page_lk()  # Проверям главную страницу путем поиска ссылки на профиль\n\ntests_ui\\tests\\test_login_page.py:20: \n_ _ _ _ _ _ _ _ _ _ _ _ _ _ _ _ _ _ _ _ _ _ _ _ _ _ _ _ _ _ _ _ _ _ _ _ _ _ _ _ _ _ _ _ _ _ _ _ _ _ _ _ _ _ _ _ _ _ _ _ _ _ _ _ _ _ _ _ _ _ _ _ _ _ _ _ _ _ _ _ _ _ _ _ _ _ _ _ _ _ _ _ _ _ _ _ _ _ _ _ _ _ _ _ \ntests_ui\\pages\\login_page.py:26: in should_be_main_page_lk\n    self.assert_element(self._common_locators.COMMON_PROFILE_LINK_CSS)\nenv\\lib\\site-packages\\seleniumbase-1.34.24-py3.7.egg\\seleniumbase\\fixtures\\base_case.py:3158: in assert_element\n    self.wait_for_element_visible(selector, by=by, timeout=timeout)\nenv\\lib\\site-packages\\seleniumbase-1.34.24-py3.7.egg\\seleniumbase\\fixtures\\base_case.py:3110: in wait_for_element_visible\n    self.driver, selector, by, timeout)\n_ _ _ _ _ _ _ _ _ _ _ _ _ _ _ _ _ _ _ _ _ _ _ _ _ _ _ _ _ _ _ _ _ _ _ _ _ _ _ _ _ _ _ _ _ _ _ _ _ _ _ _ _ _ _ _ _ _ _ _ _ _ _ _ _ _ _ _ _ _ _ _ _ _ _ _ _ _ _ _ _ _ _ _ _ _ _ _ _ _ _ _ _ _ _ _ _ _ _ _ _ _ _ _ \n\ndriver = <selenium.webdriver.chrome.webdriver.WebDriver (session=\"67f38bd05d7c17ff8b083b5287ffd6a6\")>, selector = 'a.profile-link', by = 'css selector', timeout = 6\n\n    def wait_for_element_visible(driver, selector, by=By.CSS_SELECTOR,\n                                 timeout=settings.LARGE_TIMEOUT):\n        \"\"\"\n        Searches for the specified element by the given selector. Returns the\n        element object if the element is present and visible on the page.\n        Raises an exception if the element does not appear in the\n        specified timeout.\n        @Params\n        driver - the webdriver object (required)\n        selector - the locator for identifying the page element (required)\n        by - the type of selector being used (Default: By.CSS_SELECTOR)\n        timeout - the time to wait for elements in seconds\n    \n        @Returns\n        A web element object\n        \"\"\"\n        element = None\n        start_ms = time.time() * 1000.0\n        stop_ms = start_ms + (timeout * 1000.0)\n        for x in range(int(timeout * 10)):\n            shared_utils.check_if_time_limit_exceeded()\n            try:\n                element = driver.find_element(by=by, value=selector)\n                if element.is_displayed():\n                    return element\n                else:\n                    element = None\n                    raise Exception()\n            except Exception:\n                now_ms = time.time() * 1000.0\n                if now_ms >= stop_ms:\n                    break\n                time.sleep(0.1)\n        plural = \"s\"\n        if timeout == 1:\n            plural = \"\"\n        if not element and by != By.LINK_TEXT:\n            raise ElementNotVisibleException(\n                \"Element {%s} was not visible after %s second%s!\" % (\n>                   selector, timeout, plural))\nE           selenium.common.exceptions.ElementNotVisibleException: Message: Element {a.profile-link} was not visible after 6 seconds!\n\nenv\\lib\\site-packages\\seleniumbase-1.34.24-py3.7.egg\\seleniumbase\\fixtures\\page_actions.py:273: ElementNotVisibleException",
  "flaky" : false,
  "newFailed" : false,
  "beforeStages" : [ {
    "name" : "_UnitTestCase__pytest_class_setup",
    "time" : {
      "start" : 1580299619261,
      "stop" : 1580299619261,
      "duration" : 0
    },
    "status" : "passed",
    "steps" : [ ],
    "attachments" : [ ],
    "parameters" : [ ],
    "shouldDisplayMessage" : false,
    "attachmentsCount" : 0,
    "stepsCount" : 0,
    "hasContent" : false
  } ],
  "testStage" : {
    "description" : "\n        Авторизация под существующим пользователем и\n        и проверка нахождения на главной странице ЛК\n        ",
    "status" : "broken",
    "statusMessage" : "selenium.common.exceptions.ElementNotVisibleException: Message: Element {a.profile-link} was not visible after 6 seconds!",
    "statusTrace" : "self = <moesk.tests_ui.tests.test_login_page.TestLoginExistingUser testMethod=test_login_existing_user>\n\n    def test_login_existing_user(self):\n        \"\"\"\n        Авторизация под существующим пользователем и\n        и проверка нахождения на главной странице ЛК\n        \"\"\"\n        self.get(self.app_url)\n        self.login_user(self.user_data.user_login_fl,\n                        self.user_data.user_login_fl)  # Вводим логин и пароль\n>       self.should_be_main_page_lk()  # Проверям главную страницу путем поиска ссылки на профиль\n\ntests_ui\\tests\\test_login_page.py:20: \n_ _ _ _ _ _ _ _ _ _ _ _ _ _ _ _ _ _ _ _ _ _ _ _ _ _ _ _ _ _ _ _ _ _ _ _ _ _ _ _ _ _ _ _ _ _ _ _ _ _ _ _ _ _ _ _ _ _ _ _ _ _ _ _ _ _ _ _ _ _ _ _ _ _ _ _ _ _ _ _ _ _ _ _ _ _ _ _ _ _ _ _ _ _ _ _ _ _ _ _ _ _ _ _ \ntests_ui\\pages\\login_page.py:26: in should_be_main_page_lk\n    self.assert_element(self._common_locators.COMMON_PROFILE_LINK_CSS)\nenv\\lib\\site-packages\\seleniumbase-1.34.24-py3.7.egg\\seleniumbase\\fixtures\\base_case.py:3158: in assert_element\n    self.wait_for_element_visible(selector, by=by, timeout=timeout)\nenv\\lib\\site-packages\\seleniumbase-1.34.24-py3.7.egg\\seleniumbase\\fixtures\\base_case.py:3110: in wait_for_element_visible\n    self.driver, selector, by, timeout)\n_ _ _ _ _ _ _ _ _ _ _ _ _ _ _ _ _ _ _ _ _ _ _ _ _ _ _ _ _ _ _ _ _ _ _ _ _ _ _ _ _ _ _ _ _ _ _ _ _ _ _ _ _ _ _ _ _ _ _ _ _ _ _ _ _ _ _ _ _ _ _ _ _ _ _ _ _ _ _ _ _ _ _ _ _ _ _ _ _ _ _ _ _ _ _ _ _ _ _ _ _ _ _ _ \n\ndriver = <selenium.webdriver.chrome.webdriver.WebDriver (session=\"67f38bd05d7c17ff8b083b5287ffd6a6\")>, selector = 'a.profile-link', by = 'css selector', timeout = 6\n\n    def wait_for_element_visible(driver, selector, by=By.CSS_SELECTOR,\n                                 timeout=settings.LARGE_TIMEOUT):\n        \"\"\"\n        Searches for the specified element by the given selector. Returns the\n        element object if the element is present and visible on the page.\n        Raises an exception if the element does not appear in the\n        specified timeout.\n        @Params\n        driver - the webdriver object (required)\n        selector - the locator for identifying the page element (required)\n        by - the type of selector being used (Default: By.CSS_SELECTOR)\n        timeout - the time to wait for elements in seconds\n    \n        @Returns\n        A web element object\n        \"\"\"\n        element = None\n        start_ms = time.time() * 1000.0\n        stop_ms = start_ms + (timeout * 1000.0)\n        for x in range(int(timeout * 10)):\n            shared_utils.check_if_time_limit_exceeded()\n            try:\n                element = driver.find_element(by=by, value=selector)\n                if element.is_displayed():\n                    return element\n                else:\n                    element = None\n                    raise Exception()\n            except Exception:\n                now_ms = time.time() * 1000.0\n                if now_ms >= stop_ms:\n                    break\n                time.sleep(0.1)\n        plural = \"s\"\n        if timeout == 1:\n            plural = \"\"\n        if not element and by != By.LINK_TEXT:\n            raise ElementNotVisibleException(\n                \"Element {%s} was not visible after %s second%s!\" % (\n>                   selector, timeout, plural))\nE           selenium.common.exceptions.ElementNotVisibleException: Message: Element {a.profile-link} was not visible after 6 seconds!\n\nenv\\lib\\site-packages\\seleniumbase-1.34.24-py3.7.egg\\seleniumbase\\fixtures\\page_actions.py:273: ElementNotVisibleException",
    "steps" : [ {
      "name" : "login_user",
      "time" : {
        "start" : 1580299625364,
        "stop" : 1580299626812,
        "duration" : 1448
      },
      "status" : "passed",
      "steps" : [ ],
      "attachments" : [ ],
      "parameters" : [ {
        "name" : "login",
        "value" : "'user@user.user'"
      }, {
        "name" : "password",
        "value" : "'user@user.user'"
      } ],
      "shouldDisplayMessage" : false,
      "attachmentsCount" : 0,
      "stepsCount" : 0,
      "hasContent" : true
    }, {
      "name" : "should_be_main_page_lk",
      "time" : {
        "start" : 1580299626812,
        "stop" : 1580299632850,
        "duration" : 6038
      },
      "status" : "broken",
      "statusMessage" : "selenium.common.exceptions.ElementNotVisibleException: Message: Element {a.profile-link} was not visible after 6 seconds!\n\n",
      "statusTrace" : "  File \"C:\\GitHub\\moesk\\env\\lib\\site-packages\\allure_commons\\_allure.py\", line 157, in impl\n    return func(*a, **kw)\n  File \"C:\\GitHub\\moesk\\tests_ui\\pages\\login_page.py\", line 26, in should_be_main_page_lk\n    self.assert_element(self._common_locators.COMMON_PROFILE_LINK_CSS)\n  File \"C:\\GitHub\\moesk\\env\\lib\\site-packages\\seleniumbase-1.34.24-py3.7.egg\\seleniumbase\\fixtures\\base_case.py\", line 3158, in assert_element\n    self.wait_for_element_visible(selector, by=by, timeout=timeout)\n  File \"C:\\GitHub\\moesk\\env\\lib\\site-packages\\seleniumbase-1.34.24-py3.7.egg\\seleniumbase\\fixtures\\base_case.py\", line 3110, in wait_for_element_visible\n    self.driver, selector, by, timeout)\n  File \"C:\\GitHub\\moesk\\env\\lib\\site-packages\\seleniumbase-1.34.24-py3.7.egg\\seleniumbase\\fixtures\\page_actions.py\", line 273, in wait_for_element_visible\n    selector, timeout, plural))\n",
      "steps" : [ ],
      "attachments" : [ ],
      "parameters" : [ ],
      "shouldDisplayMessage" : true,
      "attachmentsCount" : 0,
      "stepsCount" : 0,
      "hasContent" : true
    } ],
    "attachments" : [ ],
    "parameters" : [ ],
    "shouldDisplayMessage" : true,
    "attachmentsCount" : 0,
    "stepsCount" : 2,
    "hasContent" : true
  },
  "afterStages" : [ {
    "name" : "_UnitTestCase__pytest_class_setup::0",
    "time" : {
      "start" : 1580299637534,
      "stop" : 1580299637534,
      "duration" : 0
    },
    "status" : "passed",
    "steps" : [ ],
    "attachments" : [ ],
    "parameters" : [ ],
    "shouldDisplayMessage" : false,
    "attachmentsCount" : 0,
    "stepsCount" : 0,
    "hasContent" : false
  } ],
  "labels" : [ {
    "name" : "tag",
    "value" : "existing_user"
  }, {
    "name" : "parentSuite",
    "value" : "tests_ui.tests"
  }, {
    "name" : "suite",
    "value" : "test_login_page"
  }, {
    "name" : "subSuite",
    "value" : "TestLoginExistingUser"
  }, {
    "name" : "host",
    "value" : "LoshmanovNA-PC"
  }, {
    "name" : "thread",
    "value" : "14508-MainThread"
  }, {
    "name" : "framework",
    "value" : "pytest"
  }, {
    "name" : "language",
    "value" : "cpython3"
  }, {
    "name" : "package",
    "value" : "tests_ui.tests.test_login_page"
  }, {
    "name" : "resultFormat",
    "value" : "allure2"
  } ],
  "parameters" : [ ],
  "links" : [ ],
  "hidden" : false,
  "retry" : false,
  "extra" : {
    "severity" : "normal",
    "retries" : [ ],
    "categories" : [ {
      "name" : "Test defects",
      "matchedStatuses" : [ ],
      "flaky" : false
    } ],
    "tags" : [ "existing_user" ]
  },
  "source" : "94f450c1871dbca3.json",
  "parameterValues" : [ ]
}